\BOOKMARK [1][-]{section.1}{\376\377\000F\000u\000l\000l\000\040\000S\000y\000s\000t\000e\000m}{}% 1
\BOOKMARK [2][-]{subsection.1.1}{\376\377\000I\000n\000t\000r\000o\000d\000u\000c\000t\000i\000o\000n}{section.1}% 2
\BOOKMARK [2][-]{subsection.1.2}{\376\377\000R\000e\000f\000e\000r\000e\000n\000c\000e\000d\000\040\000D\000o\000c\000u\000m\000e\000n\000t\000s}{section.1}% 3
\BOOKMARK [2][-]{subsection.1.3}{\376\377\000S\000y\000s\000t\000e\000m\000\040\000N\000e\000e\000d\000s\000\040\000A\000n\000a\000l\000y\000s\000i\000s}{section.1}% 4
\BOOKMARK [3][-]{subsubsection.1.3.1}{\376\377\000P\000r\000o\000b\000l\000e\000m\000\040\000C\000o\000n\000t\000e\000x\000t}{subsection.1.3}% 5
\BOOKMARK [3][-]{subsubsection.1.3.2}{\376\377\000F\000u\000n\000c\000t\000i\000o\000n\000a\000l\000\040\000N\000e\000e\000d\000s}{subsection.1.3}% 6
\BOOKMARK [3][-]{subsubsection.1.3.3}{\376\377\000O\000p\000e\000r\000a\000t\000i\000o\000n\000a\000l\000\040\000N\000e\000e\000d\000s}{subsection.1.3}% 7
\BOOKMARK [2][-]{subsection.1.4}{\376\377\000S\000y\000s\000t\000e\000m\000\040\000C\000o\000n\000c\000e\000p\000t\000\040\000D\000e\000f\000i\000n\000i\000t\000i\000o\000n}{section.1}% 8
\BOOKMARK [2][-]{subsection.1.5}{\376\377\000S\000y\000s\000t\000e\000m\000\040\000Q\000u\000a\000l\000i\000f\000i\000c\000a\000t\000i\000o\000n\000\040\000T\000e\000s\000t\000\040\000R\000e\000s\000u\000l\000t\000s}{section.1}% 9
\BOOKMARK [2][-]{subsection.1.6}{\376\377\000S\000y\000s\000t\000e\000m\000\040\000C\000o\000n\000c\000l\000u\000s\000i\000o\000n\000s\000\040\000a\000n\000d\000\040\000R\000e\000c\000o\000m\000m\000e\000n\000d\000a\000t\000i\000o\000n\000s}{section.1}% 10
\BOOKMARK [3][-]{subsubsection.1.6.1}{\376\377\000R\000e\000q\000u\000i\000r\000e\000m\000e\000n\000t\000s\000\040\000A\000d\000h\000e\000r\000e\000n\000c\000e}{subsection.1.6}% 11
\BOOKMARK [3][-]{subsubsection.1.6.2}{\376\377\000S\000y\000s\000t\000e\000m\000\040\000B\000e\000n\000e\000f\000i\000t\000s\000\040\000a\000n\000d\000\040\000S\000h\000o\000r\000t\000c\000o\000m\000i\000n\000g\000s}{subsection.1.6}% 12
\BOOKMARK [3][-]{subsubsection.1.6.3}{\376\377\000F\000u\000t\000u\000r\000e\000\040\000W\000o\000r\000k\000\040\000R\000e\000c\000o\000m\000m\000e\000n\000d\000a\000t\000i\000o\000n\000s}{subsection.1.6}% 13
\BOOKMARK [1][-]{section.2}{\376\377\000S\000u\000b\000s\000y\000s\000t\000e\000m\000\040\0001\000:\000\040\000S\000N\000C}{}% 14
\BOOKMARK [2][-]{subsection.2.1}{\376\377\000s\000n\000c\000\040\000S\000u\000b\000s\000y\000s\000t\000e\000m\000\040\000N\000e\000e\000d\000s\000\040\000A\000n\000a\000l\000y\000s\000i\000s}{section.2}% 15
\BOOKMARK [3][-]{subsubsection.2.1.1}{\376\377\000D\000e\000s\000i\000g\000n\000\040\000P\000r\000o\000b\000l\000e\000m\000\040\000C\000o\000n\000t\000e\000x\000t}{subsection.2.1}% 16
\BOOKMARK [3][-]{subsubsection.2.1.2}{\376\377\000S\000t\000a\000k\000e\000h\000o\000l\000d\000e\000r\000s}{subsection.2.1}% 17
\BOOKMARK [3][-]{subsubsection.2.1.3}{\376\377\000F\000u\000n\000c\000t\000i\000o\000n\000a\000l\000\040\000a\000n\000d\000\040\000O\000p\000e\000r\000a\000t\000i\000o\000n\000a\000l\000\040\000N\000e\000e\000d\000s}{subsection.2.1}% 18
\BOOKMARK [2][-]{subsection.2.2}{\376\377\000S\000N\000C\000\040\000S\000u\000b\000s\000y\000s\000t\000e\000m\000\040\000C\000o\000n\000c\000e\000p\000t\000\040\000E\000x\000p\000l\000o\000r\000a\000t\000i\000o\000n}{section.2}% 19
\BOOKMARK [3][-]{subsubsection.2.2.1}{\376\377\000P\000l\000a\000t\000f\000o\000r\000m\000\040\000S\000e\000l\000e\000c\000t\000i\000o\000n}{subsection.2.2}% 20
\BOOKMARK [3][-]{subsubsection.2.2.2}{\376\377\000A\000r\000c\000h\000i\000t\000e\000c\000t\000u\000r\000e}{subsection.2.2}% 21
\BOOKMARK [3][-]{subsubsection.2.2.3}{\376\377\000C\000o\000m\000m\000u\000n\000i\000c\000a\000t\000i\000o\000n\000\040\000P\000r\000o\000t\000o\000c\000o\000l}{subsection.2.2}% 22
\BOOKMARK [3][-]{subsubsection.2.2.4}{\376\377\000h\000m\000i}{subsection.2.2}% 23
\BOOKMARK [3][-]{subsubsection.2.2.5}{\376\377\000T\000o\000n\000e\000\040\000D\000e\000t\000e\000c\000t\000i\000o\000n}{subsection.2.2}% 24
\BOOKMARK [3][-]{subsubsection.2.2.6}{\376\377\000F\000i\000l\000t\000e\000r\000\040\000T\000o\000p\000o\000l\000o\000g\000y}{subsection.2.2}% 25
\BOOKMARK [3][-]{subsubsection.2.2.7}{\376\377\000T\000o\000u\000c\000h\000\040\000S\000e\000n\000s\000o\000r}{subsection.2.2}% 26
\BOOKMARK [2][-]{subsection.2.3}{\376\377\000S\000N\000C\000\040\000S\000u\000b\000s\000y\000s\000t\000e\000m\000\040\000C\000o\000n\000c\000e\000p\000t\000\040\000D\000e\000f\000i\000n\000i\000t\000i\000o\000n}{section.2}% 27
\BOOKMARK [3][-]{subsubsection.2.3.1}{\376\377\000O\000p\000e\000r\000a\000t\000i\000o\000n\000a\000l\000\040\000C\000o\000n\000c\000e\000p\000t}{subsection.2.3}% 28
\BOOKMARK [3][-]{subsubsection.2.3.2}{\376\377\000A\000r\000c\000h\000i\000t\000e\000c\000t\000u\000r\000e\000\040\000O\000v\000e\000r\000v\000i\000e\000w}{subsection.2.3}% 29
\BOOKMARK [2][-]{subsection.2.4}{\376\377\000S\000u\000b\000s\000y\000s\000t\000e\000m\000\040\000E\000n\000g\000i\000n\000e\000e\000r\000i\000n\000g\000\040\000D\000e\000s\000i\000g\000n}{section.2}% 30
\BOOKMARK [3][-]{subsubsection.2.4.1}{\376\377\000D\000e\000s\000i\000g\000n\000\040\000C\000o\000n\000s\000t\000r\000a\000i\000n\000t\000s\000\040\000a\000n\000d\000\040\000T\000r\000a\000d\000e\000-\000o\000f\000f\000s}{subsection.2.4}% 31
\BOOKMARK [4][-]{paragraph.2.4.1.1}{\376\377\000D\000e\000s\000i\000g\000n\000\040\000C\000o\000n\000s\000t\000r\000a\000i\000n\000t\000s}{subsubsection.2.4.1}% 32
\BOOKMARK [4][-]{paragraph.2.4.1.2}{\376\377\000K\000e\000y\000\040\000T\000r\000a\000d\000e\000-\000o\000f\000f\000s}{subsubsection.2.4.1}% 33
\BOOKMARK [3][-]{subsubsection.2.4.2}{\376\377\000D\000e\000v\000e\000l\000o\000p\000m\000e\000n\000t\000\040\000M\000e\000t\000h\000o\000d\000o\000l\000o\000g\000y}{subsection.2.4}% 34
\BOOKMARK [4][-]{paragraph.2.4.2.1}{\376\377\000T\000o\000o\000l\000s}{subsubsection.2.4.2}% 35
\BOOKMARK [4][-]{paragraph.2.4.2.2}{\376\377\000A\000p\000p\000r\000o\000a\000c\000h}{subsubsection.2.4.2}% 36
\BOOKMARK [4][-]{paragraph.2.4.2.3}{\376\377\000V\000e\000r\000s\000i\000o\000n\000\040\000C\000o\000n\000t\000r\000o\000l}{subsubsection.2.4.2}% 37
\BOOKMARK [4][-]{paragraph.2.4.2.4}{\376\377\000M\000o\000d\000u\000l\000a\000r\000\040\000A\000r\000c\000h\000i\000t\000e\000c\000t\000u\000r\000e}{subsubsection.2.4.2}% 38
\BOOKMARK [3][-]{subsubsection.2.4.3}{\376\377\000P\000u\000r\000e\000\040\000T\000o\000n\000e\000\040\000D\000e\000t\000e\000c\000t\000i\000o\000n\000\040\000C\000i\000r\000c\000u\000i\000t\000\040\000D\000e\000s\000i\000g\000n}{subsection.2.4}% 39
\BOOKMARK [4][-]{paragraph.2.4.3.1}{\376\377\000A\000r\000c\000h\000i\000t\000e\000c\000t\000u\000r\000a\000l\000\040\000O\000v\000e\000r\000v\000i\000e\000w}{subsubsection.2.4.3}% 40
\BOOKMARK [4][-]{paragraph.2.4.3.2}{\376\377\000C\000o\000m\000p\000o\000n\000e\000n\000t\000\040\000S\000e\000l\000e\000c\000t\000i\000o\000n\000\040\000R\000a\000t\000i\000o\000n\000a\000l\000e}{subsubsection.2.4.3}% 41
\BOOKMARK [5][-]{section*.10}{\376\377\000M\000C\000P\0006\0000\0002\0004\000\040\000O\000p\000-\000A\000m\000p}{paragraph.2.4.3.2}% 42
\BOOKMARK [5][-]{section*.10}{\376\377\000B\000A\000T\0004\0008\000\040\000S\000c\000h\000o\000t\000t\000k\000y\000\040\000D\000i\000o\000d\000e}{paragraph.2.4.3.2}% 43
\BOOKMARK [5][-]{section*.10}{\376\377\000D\000u\000a\000l\000-\000M\000C\000U\000\040\000A\000r\000c\000h\000i\000t\000e\000c\000t\000u\000r\000e}{paragraph.2.4.3.2}% 44
\BOOKMARK [4][-]{paragraph.2.4.3.3}{\376\377\000A\000n\000a\000l\000o\000g\000u\000e\000\040\000S\000i\000g\000n\000a\000l\000\040\000C\000h\000a\000i\000n\000\040\000a\000n\000d\000\040\000P\000o\000w\000e\000r\000\040\000D\000i\000s\000t\000r\000i\000b\000u\000t\000i\000o\000n}{subsubsection.2.4.3}% 45
\BOOKMARK [5][-]{figure.caption.11}{\376\377\000P\000o\000w\000e\000r\000\040\000S\000u\000p\000p\000l\000y\000\040\000A\000r\000c\000h\000i\000t\000e\000c\000t\000u\000r\000e}{paragraph.2.4.3.3}% 46
\BOOKMARK [5][-]{figure.caption.11}{\376\377\000P\000r\000e\000a\000m\000p\000l\000i\000f\000i\000e\000r}{paragraph.2.4.3.3}% 47
\BOOKMARK [5][-]{figure.caption.11}{\376\377\000B\000a\000n\000d\000p\000a\000s\000s\000\040\000F\000i\000l\000t\000e\000r}{paragraph.2.4.3.3}% 48
\BOOKMARK [5][-]{figure.caption.11}{\376\377\000E\000n\000v\000e\000l\000o\000p\000e\000\040\000D\000e\000t\000e\000c\000t\000o\000r}{paragraph.2.4.3.3}% 49
\BOOKMARK [4][-]{paragraph.2.4.3.4}{\376\377\000D\000i\000g\000i\000t\000a\000l\000\040\000V\000a\000l\000i\000d\000a\000t\000i\000o\000n\000\040\000S\000t\000a\000t\000e\000\040\000M\000a\000c\000h\000i\000n\000e}{subsubsection.2.4.3}% 50
\BOOKMARK [4][-]{paragraph.2.4.3.5}{\376\377\000S\000i\000m\000u\000l\000a\000t\000i\000o\000n\000\040\000a\000n\000d\000\040\000A\000n\000a\000l\000y\000s\000i\000s}{subsubsection.2.4.3}% 51
\BOOKMARK [4][-]{paragraph.2.4.3.6}{\376\377\000E\000x\000p\000e\000r\000i\000m\000e\000n\000t\000a\000l\000\040\000V\000a\000l\000i\000d\000a\000t\000i\000o\000n}{subsubsection.2.4.3}% 52
\BOOKMARK [5][-]{section*.12}{\376\377\000C\000o\000m\000p\000o\000n\000e\000n\000t\000-\000L\000e\000v\000e\000l\000\040\000T\000e\000s\000t\000i\000n\000g}{paragraph.2.4.3.6}% 53
\BOOKMARK [5][-]{section*.12}{\376\377\000O\000s\000c\000i\000l\000l\000o\000s\000c\000o\000p\000e\000\040\000M\000e\000a\000s\000u\000r\000e\000m\000e\000n\000t\000s\000\040\000a\000n\000d\000\040\000V\000a\000l\000i\000d\000a\000t\000i\000o\000n}{paragraph.2.4.3.6}% 54
\BOOKMARK [5][-]{figure.caption.13}{\376\377\000S\000y\000s\000t\000e\000m\000\040\000I\000n\000t\000e\000g\000r\000a\000t\000i\000o\000n}{paragraph.2.4.3.6}% 55
\BOOKMARK [5][-]{figure.caption.13}{\376\377\000E\000S\000P\0003\0002\000\040\000I\000n\000t\000e\000g\000r\000a\000t\000i\000o\000n}{paragraph.2.4.3.6}% 56
\BOOKMARK [3][-]{subsubsection.2.4.4}{\376\377\000N\000A\000V\000C\000O\000N\000\040\000S\000t\000a\000t\000e\000\040\000M\000a\000c\000h\000i\000n\000e\000\040\000I\000m\000p\000l\000e\000m\000e\000n\000t\000a\000t\000i\000o\000n}{subsection.2.4}% 57
\BOOKMARK [4][-]{paragraph.2.4.4.1}{\376\377\000A\000r\000c\000h\000i\000t\000e\000c\000t\000u\000r\000a\000l\000\040\000D\000e\000s\000i\000g\000n}{subsubsection.2.4.4}% 58
\BOOKMARK [4][-]{paragraph.2.4.4.2}{\376\377\000S\000t\000a\000t\000e\000\040\000M\000a\000c\000h\000i\000n\000e\000\040\000A\000r\000c\000h\000i\000t\000e\000c\000t\000u\000r\000e}{subsubsection.2.4.4}% 59
\BOOKMARK [4][-]{paragraph.2.4.4.3}{\376\377\000D\000e\000c\000i\000s\000i\000o\000n\000\040\000L\000o\000g\000i\000c\000\040\000I\000m\000p\000l\000e\000m\000e\000n\000t\000a\000t\000i\000o\000n}{subsubsection.2.4.4}% 60
\BOOKMARK [5][-]{section*.16}{\376\377\000L\000i\000n\000e\000\040\000C\000l\000a\000s\000s\000i\000f\000i\000c\000a\000t\000i\000o\000n}{paragraph.2.4.4.3}% 61
\BOOKMARK [5][-]{section*.16}{\376\377\000A\000n\000g\000l\000e\000\040\000C\000a\000t\000e\000g\000o\000r\000i\000z\000a\000t\000i\000o\000n}{paragraph.2.4.4.3}% 62
\BOOKMARK [5][-]{section*.16}{\376\377\000M\000o\000t\000i\000o\000n\000\040\000P\000r\000i\000m\000i\000t\000i\000v\000e\000\040\000S\000e\000l\000e\000c\000t\000i\000o\000n}{paragraph.2.4.4.3}% 63
\BOOKMARK [5][-]{section*.16}{\376\377\000C\000o\000m\000m\000a\000n\000d\000\040\000E\000n\000c\000o\000d\000i\000n\000g}{paragraph.2.4.4.3}% 64
\BOOKMARK [4][-]{paragraph.2.4.4.4}{\376\377\000S\000t\000a\000t\000e\000\040\000G\000u\000a\000r\000d\000s\000\040\000a\000n\000d\000\040\000T\000r\000a\000n\000s\000i\000t\000i\000o\000n\000s}{subsubsection.2.4.4}% 65
\BOOKMARK [4][-]{paragraph.2.4.4.5}{\376\377\000V\000e\000r\000i\000f\000i\000c\000a\000t\000i\000o\000n}{subsubsection.2.4.4}% 66
\BOOKMARK [5][-]{section*.17}{\376\377\000T\000e\000s\000t\000\040\000B\000e\000n\000c\000h\000\040\000D\000e\000s\000i\000g\000n}{paragraph.2.4.4.5}% 67
\BOOKMARK [5][-]{section*.17}{\376\377\000H\000U\000B\000\040\000I\000n\000t\000e\000g\000r\000a\000t\000i\000o\000n}{paragraph.2.4.4.5}% 68
\BOOKMARK [3][-]{subsubsection.2.4.5}{\376\377\000S\000P\000I\000\040\000T\000e\000l\000e\000m\000e\000t\000r\000y\000\040\000P\000r\000o\000t\000o\000c\000o\000l\000\040\000I\000m\000p\000l\000e\000m\000e\000n\000t\000a\000t\000i\000o\000n}{subsection.2.4}% 69
\BOOKMARK [4][-]{paragraph.2.4.5.1}{\376\377\000I\000m\000p\000l\000e\000m\000e\000n\000t\000a\000t\000i\000o\000n}{subsubsection.2.4.5}% 70
\BOOKMARK [5][-]{section*.18}{\376\377\000P\000r\000o\000t\000o\000c\000o\000l}{paragraph.2.4.5.1}% 71
\BOOKMARK [5][-]{section*.18}{\376\377\000P\000a\000c\000k\000e\000t\000\040\000S\000t\000r\000u\000c\000t\000u\000r\000e}{paragraph.2.4.5.1}% 72
\BOOKMARK [5][-]{section*.18}{\376\377\000E\000r\000r\000o\000r\000\040\000H\000a\000n\000d\000l\000i\000n\000g}{paragraph.2.4.5.1}% 73
\BOOKMARK [4][-]{paragraph.2.4.5.2}{\376\377\000V\000e\000r\000i\000f\000i\000c\000a\000t\000i\000o\000n}{subsubsection.2.4.5}% 74
\BOOKMARK [3][-]{subsubsection.2.4.6}{\376\377\000M\000a\000i\000n\000\040\000S\000y\000s\000t\000e\000m\000\040\000S\000t\000a\000t\000e\000\040\000M\000a\000c\000h\000i\000n\000e}{subsection.2.4}% 75
\BOOKMARK [4][-]{paragraph.2.4.6.1}{\376\377\000I\000m\000p\000l\000e\000m\000e\000n\000t\000a\000t\000i\000o\000n}{subsubsection.2.4.6}% 76
\BOOKMARK [5][-]{section*.19}{\376\377\000S\000C\000S\000\040\000P\000r\000o\000t\000o\000c\000o\000l\000\040\000I\000n\000t\000e\000g\000r\000a\000t\000i\000o\000n}{paragraph.2.4.6.1}% 77
\BOOKMARK [4][-]{paragraph.2.4.6.2}{\376\377\000V\000e\000r\000i\000f\000i\000c\000a\000t\000i\000o\000n}{subsubsection.2.4.6}% 78
\BOOKMARK [3][-]{subsubsection.2.4.7}{\376\377\000S\000C\000S\000\040\000P\000r\000o\000t\000o\000c\000o\000l\000\040\000I\000m\000p\000l\000e\000m\000e\000n\000t\000a\000t\000i\000o\000n}{subsection.2.4}% 79
\BOOKMARK [4][-]{paragraph.2.4.7.1}{\376\377\000I\000m\000p\000l\000e\000m\000e\000n\000t\000a\000t\000i\000o\000n}{subsubsection.2.4.7}% 80
\BOOKMARK [5][-]{section*.20}{\376\377\000P\000a\000c\000k\000e\000t\000\040\000P\000a\000r\000s\000e\000r}{paragraph.2.4.7.1}% 81
\BOOKMARK [5][-]{section*.20}{\376\377\000T\000r\000a\000n\000s\000m\000i\000s\000s\000i\000o\000n\000\040\000S\000c\000h\000e\000d\000u\000l\000e\000r}{paragraph.2.4.7.1}% 82
\BOOKMARK [5][-]{section*.20}{\376\377\000E\000r\000r\000o\000r\000\040\000D\000e\000t\000e\000c\000t\000i\000o\000n}{paragraph.2.4.7.1}% 83
\BOOKMARK [4][-]{paragraph.2.4.7.2}{\376\377\000V\000e\000r\000i\000f\000i\000c\000a\000t\000i\000o\000n}{subsubsection.2.4.7}% 84
\BOOKMARK [3][-]{subsubsection.2.4.8}{\376\377\000C\000o\000d\000e\000\040\000D\000e\000v\000e\000l\000o\000p\000m\000e\000n\000t\000\040\000a\000n\000d\000\040\000T\000e\000s\000t\000i\000n\000g\000\040\000M\000e\000t\000h\000o\000d\000o\000l\000o\000g\000y}{subsection.2.4}% 85
\BOOKMARK [4][-]{paragraph.2.4.8.1}{\376\377\000C\000o\000d\000e\000\040\000R\000e\000q\000u\000i\000r\000e\000m\000e\000n\000t\000s\000\040\000a\000n\000d\000\040\000I\000n\000t\000e\000r\000f\000a\000c\000e\000s}{subsubsection.2.4.8}% 86
\BOOKMARK [5][-]{section*.21}{\376\377\000S\000C\000S\000\040\000P\000r\000o\000t\000o\000c\000o\000l\000\040\000M\000o\000d\000u\000l\000e}{paragraph.2.4.8.1}% 87
\BOOKMARK [5][-]{section*.21}{\376\377\000N\000A\000V\000C\000O\000N\000\040\000M\000o\000d\000u\000l\000e}{paragraph.2.4.8.1}% 88
\BOOKMARK [5][-]{section*.21}{\376\377\000S\000t\000a\000t\000e\000\040\000M\000a\000c\000h\000i\000n\000e\000\040\000M\000o\000d\000u\000l\000e}{paragraph.2.4.8.1}% 89
\BOOKMARK [5][-]{section*.21}{\376\377\000P\000u\000r\000e\000\040\000T\000o\000n\000e\000\040\000M\000o\000d\000u\000l\000e}{paragraph.2.4.8.1}% 90
\BOOKMARK [4][-]{paragraph.2.4.8.2}{\376\377\000U\000n\000i\000t\000\040\000T\000e\000s\000t\000i\000n\000g\000\040\000F\000r\000a\000m\000e\000w\000o\000r\000k}{subsubsection.2.4.8}% 91
\BOOKMARK [5][-]{section*.22}{\376\377\000S\000C\000S\000\040\000T\000e\000s\000t\000\040\000H\000a\000r\000n\000e\000s\000s}{paragraph.2.4.8.2}% 92
\BOOKMARK [5][-]{section*.22}{\376\377\000N\000A\000V\000C\000O\000N\000\040\000T\000e\000s\000t\000\040\000H\000a\000r\000n\000e\000s\000s}{paragraph.2.4.8.2}% 93
\BOOKMARK [5][-]{section*.22}{\376\377\000S\000t\000a\000t\000e\000\040\000M\000a\000c\000h\000i\000n\000e\000\040\000T\000e\000s\000t\000\040\000H\000a\000r\000n\000e\000s\000s}{paragraph.2.4.8.2}% 94
\BOOKMARK [5][-]{section*.22}{\376\377\000P\000u\000r\000e\000\040\000T\000o\000n\000e\000\040\000T\000e\000s\000t\000\040\000S\000u\000i\000t\000e}{paragraph.2.4.8.2}% 95
\BOOKMARK [4][-]{paragraph.2.4.8.3}{\376\377\000C\000o\000d\000e\000\040\000I\000m\000p\000l\000e\000m\000e\000n\000t\000a\000t\000i\000o\000n\000\040\000E\000x\000a\000m\000p\000l\000e\000s}{subsubsection.2.4.8}% 96
\BOOKMARK [5][-]{section*.23}{\376\377\000S\000C\000S\000\040\000P\000a\000c\000k\000e\000t\000\040\000P\000a\000r\000s\000e\000r}{paragraph.2.4.8.3}% 97
\BOOKMARK [5][-]{lstnumber.-1.4}{\376\377\000P\000u\000r\000e\000\040\000T\000o\000n\000e\000\040\000D\000u\000a\000l\000-\000T\000o\000n\000e\000\040\000D\000e\000t\000e\000c\000t\000i\000o\000n}{paragraph.2.4.8.3}% 98
\BOOKMARK [4][-]{paragraph.2.4.8.4}{\376\377\000I\000n\000t\000e\000g\000r\000a\000t\000i\000o\000n\000\040\000T\000e\000s\000t\000i\000n\000g}{subsubsection.2.4.8}% 99
\BOOKMARK [3][-]{subsubsection.2.4.9}{\376\377\000D\000e\000s\000i\000g\000n\000\040\000C\000h\000a\000l\000l\000e\000n\000g\000e\000s\000\040\000a\000n\000d\000\040\000S\000o\000l\000u\000t\000i\000o\000n\000s}{subsection.2.4}% 100
\BOOKMARK [3][-]{subsubsection.2.4.10}{\376\377\000P\000e\000r\000f\000o\000r\000m\000a\000n\000c\000e\000\040\000a\000n\000d\000\040\000T\000i\000m\000i\000n\000g\000\040\000B\000u\000d\000g\000e\000t\000\040\000A\000n\000a\000l\000y\000s\000i\000s}{subsection.2.4}% 101
\BOOKMARK [4][-]{paragraph.2.4.10.1}{\376\377\000M\000e\000a\000s\000u\000r\000e\000m\000e\000n\000t\000s}{subsubsection.2.4.10}% 102
\BOOKMARK [4][-]{paragraph.2.4.10.2}{\376\377\000O\000p\000t\000i\000m\000i\000s\000a\000t\000i\000o\000n\000\040\000T\000e\000c\000h\000n\000i\000q\000u\000e\000s}{subsubsection.2.4.10}% 103
\BOOKMARK [4][-]{paragraph.2.4.10.3}{\376\377\000V\000a\000l\000i\000d\000a\000t\000i\000o\000n}{subsubsection.2.4.10}% 104
\BOOKMARK [2][-]{subsection.2.5}{\376\377\000S\000u\000b\000s\000y\000s\000t\000e\000m\000\040\000Q\000u\000a\000l\000i\000f\000i\000c\000a\000t\000i\000o\000n\000\040\000T\000e\000s\000t\000s\000\040\000R\000e\000s\000u\000l\000t\000s}{section.2}% 105
\BOOKMARK [3][-]{subsubsection.2.5.1}{\376\377\000T\000e\000s\000t\000\040\000S\000u\000m\000m\000a\000r\000y\000\040\000a\000n\000d\000\040\000A\000s\000s\000e\000s\000s\000m\000e\000n\000t}{subsection.2.5}% 106
\BOOKMARK [2][-]{subsection.2.6}{\376\377\000S\000u\000b\000s\000y\000s\000t\000e\000m\000\040\000C\000o\000n\000c\000l\000u\000s\000i\000o\000n\000s\000\040\000a\000n\000d\000\040\000R\000e\000c\000o\000m\000m\000e\000n\000d\000a\000t\000i\000o\000n\000s}{section.2}% 107
\BOOKMARK [3][-]{subsubsection.2.6.1}{\376\377\000R\000e\000q\000u\000i\000r\000e\000m\000e\000n\000t\000s\000\040\000A\000d\000h\000e\000r\000e\000n\000c\000e}{subsection.2.6}% 108
\BOOKMARK [3][-]{subsubsection.2.6.2}{\376\377\000B\000e\000n\000e\000f\000i\000t\000s\000\040\000a\000n\000d\000\040\000S\000h\000o\000r\000t\000c\000o\000m\000i\000n\000g\000s}{subsection.2.6}% 109
\BOOKMARK [4][-]{paragraph.2.6.2.1}{\376\377\000K\000e\000y\000\040\000B\000e\000n\000e\000f\000i\000t\000s}{subsubsection.2.6.2}% 110
\BOOKMARK [4][-]{paragraph.2.6.2.2}{\376\377\000S\000h\000o\000r\000t\000c\000o\000m\000i\000n\000g\000s\000\040\000a\000n\000d\000\040\000C\000h\000a\000l\000l\000e\000n\000g\000e\000s}{subsubsection.2.6.2}% 111
\BOOKMARK [3][-]{subsubsection.2.6.3}{\376\377\000R\000e\000c\000o\000m\000m\000e\000n\000d\000e\000d\000\040\000F\000u\000t\000u\000r\000e\000\040\000W\000o\000r\000k}{subsection.2.6}% 112
\BOOKMARK [2][-]{subsection.2.7}{\376\377\000L\000a\000b\000\040\000B\000o\000o\000k\000\040\000E\000x\000c\000e\000r\000p\000t\000s}{section.2}% 113
\BOOKMARK [1][-]{section.3}{\376\377\000S\000u\000b\000s\000y\000s\000t\000e\000m\000\040\0002}{}% 114
\BOOKMARK [2][-]{subsection.3.1}{\376\377\000S\000u\000b\000s\000y\000s\000t\000e\000m\000\040\000N\000e\000e\000d\000s\000\040\000A\000n\000a\000l\000y\000s\000i\000s}{section.3}% 115
\BOOKMARK [2][-]{subsection.3.2}{\376\377\000S\000u\000b\000s\000y\000s\000t\000e\000m\000\040\000C\000o\000n\000c\000e\000p\000t\000\040\000E\000x\000p\000l\000o\000r\000a\000t\000i\000o\000n}{section.3}% 116
\BOOKMARK [3][-]{subsubsection.3.2.1}{\376\377\000C\000o\000l\000o\000u\000r\000\040\000D\000e\000t\000e\000c\000t\000i\000o\000n\000\040\000S\000e\000n\000s\000o\000r\000s}{subsection.3.2}% 117
\BOOKMARK [3][-]{subsubsection.3.2.2}{\376\377\000I\000n\000c\000i\000d\000e\000n\000c\000e\000\040\000A\000n\000g\000l\000e\000\040\000D\000e\000t\000e\000c\000t\000i\000o\000n}{subsection.3.2}% 118
\BOOKMARK [2][-]{subsection.3.3}{\376\377\000S\000u\000b\000s\000y\000s\000t\000e\000m\000\040\000C\000o\000n\000c\000e\000p\000t\000\040\000D\000e\000f\000i\000n\000i\000t\000i\000o\000n\000:\000\040\000P\000l\000a\000n\000n\000i\000n\000g}{section.3}% 119
\BOOKMARK [2][-]{subsection.3.4}{\376\377\000S\000u\000b\000s\000y\000s\000t\000e\000m\000\040\000E\000n\000g\000i\000n\000e\000e\000r\000i\000n\000g\000\040\000D\000e\000s\000i\000g\000n}{section.3}% 120
\BOOKMARK [3][-]{subsubsection.3.4.1}{\376\377\000C\000o\000n\000s\000t\000r\000a\000i\000n\000t\000s\000\040\000a\000n\000d\000\040\000t\000r\000a\000d\000e\000-\000o\000f\000f\000s}{subsection.3.4}% 121
\BOOKMARK [3][-]{subsubsection.3.4.2}{\376\377\000T\000o\000o\000l\000s\000\040\000a\000n\000d\000\040\000M\000e\000t\000h\000o\000d\000s}{subsection.3.4}% 122
\BOOKMARK [3][-]{subsubsection.3.4.3}{\376\377\000S\000e\000l\000e\000c\000t\000e\000d\000\040\000d\000e\000s\000i\000g\000n\000\040\000d\000e\000t\000a\000i\000l\000s}{subsection.3.4}% 123
\BOOKMARK [2][-]{subsection.3.5}{\376\377\000S\000u\000b\000s\000y\000s\000t\000e\000m\000\040\000Q\000u\000a\000l\000i\000f\000i\000c\000a\000t\000i\000o\000n\000\040\000T\000e\000s\000t\000s\000\040\000R\000e\000s\000u\000l\000t\000s}{section.3}% 124
\BOOKMARK [2][-]{subsection.3.6}{\376\377\000S\000u\000b\000s\000y\000s\000t\000e\000m\000\040\000C\000o\000n\000c\000l\000u\000s\000i\000o\000n\000s\000\040\000a\000n\000d\000\040\000R\000e\000c\000o\000m\000m\000e\000n\000d\000a\000t\000i\000o\000n\000s}{section.3}% 125
\BOOKMARK [2][-]{subsection.3.7}{\376\377\000L\000a\000b\000\040\000B\000o\000o\000k\000\040\000E\000x\000c\000e\000r\000p\000t\000s}{section.3}% 126
\BOOKMARK [1][-]{section.4}{\376\377\000S\000u\000b\000s\000y\000s\000t\000e\000m\000\040\0003\000:\000\040\000M\000D\000P\000S}{}% 127
\BOOKMARK [2][-]{subsection.4.1}{\376\377\000S\000u\000b\000s\000y\000s\000t\000e\000m\000\040\000N\000e\000e\000d\000s\000\040\000A\000n\000a\000l\000y\000s\000i\000s}{section.4}% 128
\BOOKMARK [2][-]{subsection.4.2}{\376\377\000S\000u\000b\000s\000y\000s\000t\000e\000m\000\040\000C\000o\000n\000c\000e\000p\000t\000\040\000E\000x\000p\000l\000o\000r\000a\000t\000i\000o\000n}{section.4}% 129
\BOOKMARK [3][-]{subsubsection.4.2.1}{\376\377\000M\000o\000v\000e\000m\000e\000n\000t}{subsection.4.2}% 130
\BOOKMARK [3][-]{subsubsection.4.2.2}{\376\377\000P\000o\000w\000e\000r}{subsection.4.2}% 131
\BOOKMARK [3][-]{subsubsection.4.2.3}{\376\377\000C\000o\000m\000m\000u\000n\000i\000c\000a\000t\000i\000o\000n}{subsection.4.2}% 132
\BOOKMARK [2][-]{subsection.4.3}{\376\377\000S\000u\000b\000s\000y\000s\000t\000e\000m\000\040\000C\000o\000n\000c\000e\000p\000t\000\040\000D\000e\000f\000i\000n\000i\000t\000i\000o\000n\000:\000\040\000P\000l\000a\000n\000n\000i\000n\000g}{section.4}% 133
\BOOKMARK [2][-]{subsection.4.4}{\376\377\000S\000u\000b\000s\000y\000s\000t\000e\000m\000\040\000E\000n\000g\000i\000n\000e\000e\000r\000i\000n\000g\000\040\000D\000e\000s\000i\000g\000n}{section.4}% 134
\BOOKMARK [3][-]{subsubsection.4.4.1}{\376\377\000C\000o\000n\000s\000t\000r\000a\000i\000n\000t\000s\000\040\000a\000n\000d\000\040\000t\000r\000a\000d\000e\000-\000o\000f\000f\000s}{subsection.4.4}% 135
\BOOKMARK [3][-]{subsubsection.4.4.2}{\376\377\000T\000o\000o\000l\000s\000\040\000a\000n\000d\000\040\000M\000e\000t\000h\000o\000d\000s}{subsection.4.4}% 136
\BOOKMARK [3][-]{subsubsection.4.4.3}{\376\377\000S\000e\000l\000e\000c\000t\000e\000d\000\040\000d\000e\000s\000i\000g\000n\000\040\000d\000e\000t\000a\000i\000l\000s}{subsection.4.4}% 137
\BOOKMARK [2][-]{subsection.4.5}{\376\377\000S\000u\000b\000s\000y\000s\000t\000e\000m\000\040\000Q\000u\000a\000l\000i\000f\000i\000c\000a\000t\000i\000o\000n\000\040\000T\000e\000s\000t\000s\000\040\000R\000e\000s\000u\000l\000t\000s}{section.4}% 138
\BOOKMARK [2][-]{subsection.4.6}{\376\377\000S\000u\000b\000s\000y\000s\000t\000e\000m\000\040\000C\000o\000n\000c\000l\000u\000s\000i\000o\000n\000s\000\040\000a\000n\000d\000\040\000R\000e\000c\000o\000m\000m\000e\000n\000d\000a\000t\000i\000o\000n\000s}{section.4}% 139
\BOOKMARK [2][-]{subsection.4.7}{\376\377\000L\000a\000b\000\040\000B\000o\000o\000k\000\040\000E\000x\000c\000e\000r\000p\000t\000s}{section.4}% 140
