This is pdfTeX, Version 3.141592653-2.6-1.40.28 (TeX Live 2025) (preloaded format=pdflatex 2025.10.19)  19 NOV 2025 13:34
entering extended mode
 restricted \write18 enabled.
 %&-line parsing enabled.
**vmodel_simple.tex
(./vmodel_simple.tex
LaTeX2e <2025-06-01> patch level 1
L3 programming layer <2025-09-02>

! LaTeX Error: File `standalone.cls' not found.

Type X to quit or <RETURN> to proceed,
or enter new name. (Default extension: cls)

Enter file name: 
! Emergency stop.
<read *> 
         
l.2 \usepackage
               {tikz}^^M
End of file on the terminal!

 
Here is how much of TeX's memory you used:
 19 strings out of 468872
 456 string characters out of 5451976
 433696 words of memory out of 5000000
 28638 multiletter control sequences out of 15000+600000
 627721 words of font info for 40 fonts, out of 8000000 for 9000
 430 hyphenation exceptions out of 8191
 19i,0n,29p,87b,17s stack positions out of 10000i,1000n,20000p,200000b,200000s
!  ==> Fatal error occurred, no output PDF file produced!
